{"C:\\Users\\ASUS\\.gemini\\antigravity\\scratch\\election-assistant\\server.js": {"path":"C:\\Users\\ASUS\\.gemini\\antigravity\\scratch\\election-assistant\\server.js","statementMap":{"0":{"start":{"line":11,"column":12},"end":{"line":11,"column":23}},"1":{"start":{"line":14,"column":0},"end":{"line":21,"column":1}},"2":{"start":{"line":15,"column":2},"end":{"line":20,"column":5}},"3":{"start":{"line":16,"column":4},"end":{"line":19,"column":7}}},"fnMap":{"0":{"name":"(anonymous_0)","decl":{"start":{"line":15,"column":26},"end":{"line":15,"column":27}},"loc":{"start":{"line":15,"column":32},"end":{"line":20,"column":3}},"line":15}},"branchMap":{"0":{"loc":{"start":{"line":14,"column":0},"end":{"line":21,"column":1}},"type":"if","locations":[{"start":{"line":14,"column":0},"end":{"line":21,"column":1}},{"start":{},"end":{}}],"line":14}},"s":{"0":3,"1":3,"2":0,"3":0},"f":{"0":0},"b":{"0":[0,3]},"inputSourceMap":null,"_coverageSchema":"1a1c01bbd47fc00a2c39e90264f33305004495a9","hash":"9c5afb55451a5fbc02de1d89a1a610df5581f85f"}
,"C:\\Users\\ASUS\\.gemini\\antigravity\\scratch\\election-assistant\\src\\app.js": {"path":"C:\\Users\\ASUS\\.gemini\\antigravity\\scratch\\election-assistant\\src\\app.js","statementMap":{"0":{"start":{"line":11,"column":19},"end":{"line":11,"column":49}},"1":{"start":{"line":12,"column":18},"end":{"line":12,"column":42}},"2":{"start":{"line":20,"column":14},"end":{"line":20,"column":23}},"3":{"start":{"line":21,"column":2},"end":{"line":21,"column":28}},"4":{"start":{"line":24,"column":2},"end":{"line":38,"column":6}},"5":{"start":{"line":40,"column":2},"end":{"line":40,"column":30}},"6":{"start":{"line":43,"column":26},"end":{"line":46,"column":3}},"7":{"start":{"line":48,"column":2},"end":{"line":59,"column":6}},"8":{"start":{"line":50,"column":6},"end":{"line":52,"column":7}},"9":{"start":{"line":51,"column":8},"end":{"line":51,"column":36}},"10":{"start":{"line":53,"column":6},"end":{"line":55,"column":7}},"11":{"start":{"line":54,"column":8},"end":{"line":54,"column":36}},"12":{"start":{"line":56,"column":6},"end":{"line":56,"column":56}},"13":{"start":{"line":61,"column":2},"end":{"line":61,"column":25}},"14":{"start":{"line":62,"column":2},"end":{"line":62,"column":42}},"15":{"start":{"line":65,"column":21},"end":{"line":71,"column":4}},"16":{"start":{"line":72,"column":2},"end":{"line":72,"column":31}},"17":{"start":{"line":75,"column":2},"end":{"line":81,"column":6}},"18":{"start":{"line":79,"column":6},"end":{"line":79,"column":85}},"19":{"start":{"line":84,"column":2},"end":{"line":84,"column":29}},"20":{"start":{"line":87,"column":2},"end":{"line":89,"column":5}},"21":{"start":{"line":88,"column":4},"end":{"line":88,"column":66}},"22":{"start":{"line":92,"column":2},"end":{"line":95,"column":5}},"23":{"start":{"line":93,"column":4},"end":{"line":93,"column":78}},"24":{"start":{"line":94,"column":4},"end":{"line":94,"column":61}},"25":{"start":{"line":97,"column":2},"end":{"line":97,"column":13}}},"fnMap":{"0":{"name":"createApp","decl":{"start":{"line":19,"column":16},"end":{"line":19,"column":25}},"loc":{"start":{"line":19,"column":28},"end":{"line":98,"column":1}},"line":19},"1":{"name":"(anonymous_1)","decl":{"start":{"line":49,"column":12},"end":{"line":49,"column":13}},"loc":{"start":{"line":49,"column":34},"end":{"line":57,"column":5}},"line":49},"2":{"name":"(anonymous_2)","decl":{"start":{"line":78,"column":16},"end":{"line":78,"column":17}},"loc":{"start":{"line":78,"column":25},"end":{"line":80,"column":5}},"line":78},"3":{"name":"(anonymous_3)","decl":{"start":{"line":87,"column":15},"end":{"line":87,"column":16}},"loc":{"start":{"line":87,"column":29},"end":{"line":89,"column":3}},"line":87},"4":{"name":"(anonymous_4)","decl":{"start":{"line":92,"column":10},"end":{"line":92,"column":11}},"loc":{"start":{"line":92,"column":36},"end":{"line":95,"column":3}},"line":92}},"branchMap":{"0":{"loc":{"start":{"line":50,"column":6},"end":{"line":52,"column":7}},"type":"if","locations":[{"start":{"line":50,"column":6},"end":{"line":52,"column":7}},{"start":{},"end":{}}],"line":50},"1":{"loc":{"start":{"line":53,"column":6},"end":{"line":55,"column":7}},"type":"if","locations":[{"start":{"line":53,"column":6},"end":{"line":55,"column":7}},{"start":{},"end":{}}],"line":53}},"s":{"0":3,"1":3,"2":3,"3":3,"4":3,"5":3,"6":3,"7":3,"8":8,"9":8,"10":0,"11":0,"12":0,"13":3,"14":3,"15":3,"16":3,"17":3,"18":0,"19":3,"20":3,"21":2,"22":3,"23":0,"24":0,"25":3},"f":{"0":3,"1":8,"2":0,"3":2,"4":0},"b":{"0":[8,0],"1":[0,0]},"inputSourceMap":null,"_coverageSchema":"1a1c01bbd47fc00a2c39e90264f33305004495a9","hash":"9aaafb814da11989883596d23bf2eaec3f2f25f1"}
,"C:\\Users\\ASUS\\.gemini\\antigravity\\scratch\\election-assistant\\src\\config\\config.js": {"path":"C:\\Users\\ASUS\\.gemini\\antigravity\\scratch\\election-assistant\\src\\config\\config.js","statementMap":{"0":{"start":{"line":4,"column":0},"end":{"line":4,"column":16}},"1":{"start":{"line":6,"column":13},"end":{"line":6,"column":17}},"2":{"start":{"line":16,"column":2},"end":{"line":18,"column":3}},"3":{"start":{"line":17,"column":4},"end":{"line":17,"column":35}},"4":{"start":{"line":20,"column":2},"end":{"line":31,"column":3}},"5":{"start":{"line":21,"column":4},"end":{"line":23,"column":5}},"6":{"start":{"line":22,"column":6},"end":{"line":22,"column":48}},"7":{"start":{"line":24,"column":22},"end":{"line":24,"column":84}},"8":{"start":{"line":25,"column":17},"end":{"line":25,"column":78}},"9":{"start":{"line":26,"column":22},"end":{"line":26,"column":64}},"10":{"start":{"line":27,"column":4},"end":{"line":27,"column":43}},"11":{"start":{"line":29,"column":4},"end":{"line":29,"column":83}},"12":{"start":{"line":30,"column":4},"end":{"line":30,"column":35}},"13":{"start":{"line":34,"column":22},"end":{"line":43,"column":1}},"14":{"start":{"line":42,"column":22},"end":{"line":42,"column":49}}},"fnMap":{"0":{"name":"getSecret","decl":{"start":{"line":14,"column":15},"end":{"line":14,"column":24}},"loc":{"start":{"line":14,"column":37},"end":{"line":32,"column":1}},"line":14},"1":{"name":"(anonymous_1)","decl":{"start":{"line":42,"column":16},"end":{"line":42,"column":17}},"loc":{"start":{"line":42,"column":22},"end":{"line":42,"column":49}},"line":42}},"branchMap":{"0":{"loc":{"start":{"line":16,"column":2},"end":{"line":18,"column":3}},"type":"if","locations":[{"start":{"line":16,"column":2},"end":{"line":18,"column":3}},{"start":{},"end":{}}],"line":16},"1":{"loc":{"start":{"line":16,"column":6},"end":{"line":16,"column":63}},"type":"binary-expr","locations":[{"start":{"line":16,"column":6},"end":{"line":16,"column":28}},{"start":{"line":16,"column":32},"end":{"line":16,"column":63}}],"line":16},"2":{"loc":{"start":{"line":21,"column":4},"end":{"line":23,"column":5}},"type":"if","locations":[{"start":{"line":21,"column":4},"end":{"line":23,"column":5}},{"start":{},"end":{}}],"line":21},"3":{"loc":{"start":{"line":24,"column":22},"end":{"line":24,"column":84}},"type":"binary-expr","locations":[{"start":{"line":24,"column":22},"end":{"line":24,"column":48}},{"start":{"line":24,"column":52},"end":{"line":24,"column":84}}],"line":24},"4":{"loc":{"start":{"line":35,"column":8},"end":{"line":35,"column":32}},"type":"binary-expr","locations":[{"start":{"line":35,"column":8},"end":{"line":35,"column":24}},{"start":{"line":35,"column":28},"end":{"line":35,"column":32}}],"line":35},"5":{"loc":{"start":{"line":36,"column":18},"end":{"line":36,"column":80}},"type":"binary-expr","locations":[{"start":{"line":36,"column":18},"end":{"line":36,"column":44}},{"start":{"line":36,"column":48},"end":{"line":36,"column":80}}],"line":36},"6":{"loc":{"start":{"line":37,"column":20},"end":{"line":37,"column":72}},"type":"binary-expr","locations":[{"start":{"line":37,"column":20},"end":{"line":37,"column":48}},{"start":{"line":37,"column":52},"end":{"line":37,"column":72}}],"line":37},"7":{"loc":{"start":{"line":38,"column":18},"end":{"line":38,"column":59}},"type":"binary-expr","locations":[{"start":{"line":38,"column":18},"end":{"line":38,"column":44}},{"start":{"line":38,"column":48},"end":{"line":38,"column":59}}],"line":38},"8":{"loc":{"start":{"line":39,"column":12},"end":{"line":39,"column":49}},"type":"binary-expr","locations":[{"start":{"line":39,"column":12},"end":{"line":39,"column":32}},{"start":{"line":39,"column":36},"end":{"line":39,"column":49}}],"line":39}},"s":{"0":3,"1":3,"2":1,"3":1,"4":0,"5":0,"6":0,"7":0,"8":0,"9":0,"10":0,"11":0,"12":0,"13":3,"14":1},"f":{"0":1,"1":1},"b":{"0":[1,0],"1":[1,0],"2":[0,0],"3":[0,0],"4":[3,0],"5":[3,3],"6":[3,3],"7":[3,3],"8":[3,0]},"inputSourceMap":null,"_coverageSchema":"1a1c01bbd47fc00a2c39e90264f33305004495a9","hash":"a357d19833f99eb0db8e343270b8a9b6c4b47c91"}
,"C:\\Users\\ASUS\\.gemini\\antigravity\\scratch\\election-assistant\\src\\controllers\\chat.controller.js": {"path":"C:\\Users\\ASUS\\.gemini\\antigravity\\scratch\\election-assistant\\src\\controllers\\chat.controller.js","statementMap":{"0":{"start":{"line":8,"column":21},"end":{"line":8,"column":30}},"1":{"start":{"line":13,"column":30},"end":{"line":92,"column":1}},"2":{"start":{"line":18,"column":35},"end":{"line":18,"column":43}},"3":{"start":{"line":19,"column":16},"end":{"line":19,"column":49}},"4":{"start":{"line":20,"column":22},"end":{"line":20,"column":32}},"5":{"start":{"line":23,"column":4},"end":{"line":23,"column":55}},"6":{"start":{"line":24,"column":4},"end":{"line":24,"column":47}},"7":{"start":{"line":25,"column":4},"end":{"line":25,"column":46}},"8":{"start":{"line":27,"column":17},"end":{"line":27,"column":26}},"9":{"start":{"line":28,"column":4},"end":{"line":90,"column":5}},"10":{"start":{"line":29,"column":25},"end":{"line":29,"column":46}},"11":{"start":{"line":30,"column":6},"end":{"line":30,"column":33}},"12":{"start":{"line":31,"column":22},"end":{"line":31,"column":40}},"13":{"start":{"line":33,"column":6},"end":{"line":33,"column":62}},"14":{"start":{"line":35,"column":22},"end":{"line":38,"column":7}},"15":{"start":{"line":40,"column":22},"end":{"line":40,"column":24}},"16":{"start":{"line":42,"column":6},"end":{"line":63,"column":7}},"17":{"start":{"line":43,"column":23},"end":{"line":43,"column":59}},"18":{"start":{"line":44,"column":8},"end":{"line":49,"column":9}},"19":{"start":{"line":45,"column":33},"end":{"line":45,"column":48}},"20":{"start":{"line":46,"column":10},"end":{"line":46,"column":38}},"21":{"start":{"line":47,"column":10},"end":{"line":47,"column":78}},"22":{"start":{"line":48,"column":10},"end":{"line":48,"column":39}},"23":{"start":{"line":48,"column":26},"end":{"line":48,"column":38}},"24":{"start":{"line":52,"column":8},"end":{"line":52,"column":94}},"25":{"start":{"line":53,"column":30},"end":{"line":53,"column":58}},"26":{"start":{"line":54,"column":8},"end":{"line":54,"column":44}},"27":{"start":{"line":57,"column":22},"end":{"line":57,"column":42}},"28":{"start":{"line":58,"column":8},"end":{"line":62,"column":9}},"29":{"start":{"line":59,"column":10},"end":{"line":59,"column":74}},"30":{"start":{"line":60,"column":10},"end":{"line":60,"column":39}},"31":{"start":{"line":60,"column":26},"end":{"line":60,"column":38}},"32":{"start":{"line":61,"column":10},"end":{"line":61,"column":52}},"33":{"start":{"line":61,"column":33},"end":{"line":61,"column":50}},"34":{"start":{"line":66,"column":6},"end":{"line":66,"column":65}},"35":{"start":{"line":67,"column":6},"end":{"line":67,"column":68}},"36":{"start":{"line":68,"column":6},"end":{"line":68,"column":48}},"37":{"start":{"line":70,"column":6},"end":{"line":70,"column":36}},"38":{"start":{"line":71,"column":6},"end":{"line":71,"column":35}},"39":{"start":{"line":71,"column":22},"end":{"line":71,"column":34}},"40":{"start":{"line":72,"column":6},"end":{"line":72,"column":16}},"41":{"start":{"line":75,"column":24},"end":{"line":75,"column":46}},"42":{"start":{"line":76,"column":6},"end":{"line":82,"column":9}},"43":{"start":{"line":85,"column":6},"end":{"line":85,"column":90}},"44":{"start":{"line":86,"column":6},"end":{"line":86,"column":149}},"45":{"start":{"line":87,"column":6},"end":{"line":87,"column":36}},"46":{"start":{"line":88,"column":6},"end":{"line":88,"column":35}},"47":{"start":{"line":88,"column":22},"end":{"line":88,"column":34}},"48":{"start":{"line":89,"column":6},"end":{"line":89,"column":16}}},"fnMap":{"0":{"name":"(anonymous_0)","decl":{"start":{"line":17,"column":14},"end":{"line":17,"column":15}},"loc":{"start":{"line":17,"column":34},"end":{"line":91,"column":3}},"line":17},"1":{"name":"(anonymous_1)","decl":{"start":{"line":61,"column":28},"end":{"line":61,"column":29}},"loc":{"start":{"line":61,"column":33},"end":{"line":61,"column":50}},"line":61}},"branchMap":{"0":{"loc":{"start":{"line":19,"column":16},"end":{"line":19,"column":49}},"type":"binary-expr","locations":[{"start":{"line":19,"column":16},"end":{"line":19,"column":25}},{"start":{"line":19,"column":29},"end":{"line":19,"column":49}}],"line":19},"1":{"loc":{"start":{"line":35,"column":22},"end":{"line":38,"column":7}},"type":"binary-expr","locations":[{"start":{"line":35,"column":22},"end":{"line":35,"column":43}},{"start":{"line":35,"column":47},"end":{"line":38,"column":7}}],"line":35},"2":{"loc":{"start":{"line":48,"column":10},"end":{"line":48,"column":39}},"type":"if","locations":[{"start":{"line":48,"column":10},"end":{"line":48,"column":39}},{"start":{},"end":{}}],"line":48},"3":{"loc":{"start":{"line":60,"column":10},"end":{"line":60,"column":39}},"type":"if","locations":[{"start":{"line":60,"column":10},"end":{"line":60,"column":39}},{"start":{},"end":{}}],"line":60},"4":{"loc":{"start":{"line":71,"column":6},"end":{"line":71,"column":35}},"type":"if","locations":[{"start":{"line":71,"column":6},"end":{"line":71,"column":35}},{"start":{},"end":{}}],"line":71},"5":{"loc":{"start":{"line":88,"column":6},"end":{"line":88,"column":35}},"type":"if","locations":[{"start":{"line":88,"column":6},"end":{"line":88,"column":35}},{"start":{},"end":{}}],"line":88}},"s":{"0":3,"1":3,"2":1,"3":1,"4":1,"5":1,"6":1,"7":1,"8":1,"9":1,"10":1,"11":1,"12":1,"13":1,"14":1,"15":1,"16":1,"17":1,"18":1,"19":0,"20":0,"21":0,"22":0,"23":0,"24":1,"25":1,"26":1,"27":1,"28":1,"29":43,"30":43,"31":43,"32":43,"33":43,"34":1,"35":1,"36":1,"37":1,"38":1,"39":1,"40":1,"41":1,"42":1,"43":0,"44":0,"45":0,"46":0,"47":0,"48":0},"f":{"0":1,"1":43},"b":{"0":[1,0],"1":[1,1],"2":[0,0],"3":[43,0],"4":[1,0],"5":[0,0]},"inputSourceMap":null,"_coverageSchema":"1a1c01bbd47fc00a2c39e90264f33305004495a9","hash":"e21c61a3ed4ee11162789a796d1cffe9bcf41ca4"}
,"C:\\Users\\ASUS\\.gemini\\antigravity\\scratch\\election-assistant\\src\\controllers\\education.controller.js": {"path":"C:\\Users\\ASUS\\.gemini\\antigravity\\scratch\\election-assistant\\src\\controllers\\education.controller.js","statementMap":{"0":{"start":{"line":6,"column":14},"end":{"line":6,"column":45}},"1":{"start":{"line":11,"column":35},"end":{"line":56,"column":1}},"2":{"start":{"line":16,"column":34},"end":{"line":16,"column":42}},"3":{"start":{"line":17,"column":21},"end":{"line":17,"column":68}},"4":{"start":{"line":19,"column":19},"end":{"line":19,"column":38}},"5":{"start":{"line":20,"column":4},"end":{"line":23,"column":5}},"6":{"start":{"line":21,"column":6},"end":{"line":21,"column":51}},"7":{"start":{"line":22,"column":6},"end":{"line":22,"column":30}},"8":{"start":{"line":25,"column":4},"end":{"line":33,"column":5}},"9":{"start":{"line":26,"column":21},"end":{"line":26,"column":51}},"10":{"start":{"line":27,"column":19},"end":{"line":27,"column":52}},"11":{"start":{"line":28,"column":6},"end":{"line":28,"column":32}},"12":{"start":{"line":29,"column":6},"end":{"line":29,"column":21}},"13":{"start":{"line":31,"column":6},"end":{"line":31,"column":84}},"14":{"start":{"line":32,"column":6},"end":{"line":32,"column":34}},"15":{"start":{"line":40,"column":22},"end":{"line":40,"column":30}},"16":{"start":{"line":41,"column":21},"end":{"line":41,"column":46}},"17":{"start":{"line":43,"column":19},"end":{"line":43,"column":38}},"18":{"start":{"line":44,"column":4},"end":{"line":44,"column":42}},"19":{"start":{"line":44,"column":17},"end":{"line":44,"column":41}},"20":{"start":{"line":46,"column":4},"end":{"line":54,"column":5}},"21":{"start":{"line":47,"column":21},"end":{"line":47,"column":44}},"22":{"start":{"line":48,"column":25},"end":{"line":48,"column":58}},"23":{"start":{"line":49,"column":6},"end":{"line":49,"column":38}},"24":{"start":{"line":50,"column":6},"end":{"line":50,"column":27}},"25":{"start":{"line":52,"column":6},"end":{"line":52,"column":89}},"26":{"start":{"line":53,"column":6},"end":{"line":53,"column":40}}},"fnMap":{"0":{"name":"(anonymous_0)","decl":{"start":{"line":15,"column":11},"end":{"line":15,"column":12}},"loc":{"start":{"line":15,"column":31},"end":{"line":34,"column":3}},"line":15},"1":{"name":"(anonymous_1)","decl":{"start":{"line":39,"column":17},"end":{"line":39,"column":18}},"loc":{"start":{"line":39,"column":37},"end":{"line":55,"column":3}},"line":39}},"branchMap":{"0":{"loc":{"start":{"line":17,"column":29},"end":{"line":17,"column":48}},"type":"binary-expr","locations":[{"start":{"line":17,"column":29},"end":{"line":17,"column":39}},{"start":{"line":17,"column":43},"end":{"line":17,"column":48}}],"line":17},"1":{"loc":{"start":{"line":17,"column":52},"end":{"line":17,"column":66}},"type":"binary-expr","locations":[{"start":{"line":17,"column":52},"end":{"line":17,"column":57}},{"start":{"line":17,"column":61},"end":{"line":17,"column":66}}],"line":17},"2":{"loc":{"start":{"line":20,"column":4},"end":{"line":23,"column":5}},"type":"if","locations":[{"start":{"line":20,"column":4},"end":{"line":23,"column":5}},{"start":{},"end":{}}],"line":20},"3":{"loc":{"start":{"line":41,"column":30},"end":{"line":41,"column":44}},"type":"binary-expr","locations":[{"start":{"line":41,"column":30},"end":{"line":41,"column":35}},{"start":{"line":41,"column":39},"end":{"line":41,"column":44}}],"line":41},"4":{"loc":{"start":{"line":44,"column":4},"end":{"line":44,"column":42}},"type":"if","locations":[{"start":{"line":44,"column":4},"end":{"line":44,"column":42}},{"start":{},"end":{}}],"line":44}},"s":{"0":3,"1":3,"2":1,"3":1,"4":1,"5":1,"6":0,"7":0,"8":1,"9":1,"10":1,"11":1,"12":1,"13":0,"14":0,"15":1,"16":1,"17":1,"18":1,"19":0,"20":1,"21":1,"22":1,"23":1,"24":1,"25":0,"26":0},"f":{"0":1,"1":1},"b":{"0":[1,0],"1":[1,0],"2":[0,1],"3":[1,0],"4":[0,1]},"inputSourceMap":null,"_coverageSchema":"1a1c01bbd47fc00a2c39e90264f33305004495a9","hash":"8fcc8dff80f6298379cb02c62716cdcdfa244485"}
,"C:\\Users\\ASUS\\.gemini\\antigravity\\scratch\\election-assistant\\src\\routes\\api.routes.js": {"path":"C:\\Users\\ASUS\\.gemini\\antigravity\\scratch\\election-assistant\\src\\routes\\api.routes.js","statementMap":{"0":{"start":{"line":7,"column":15},"end":{"line":7,"column":31}},"1":{"start":{"line":12,"column":17},"end":{"line":18,"column":1}},"2":{"start":{"line":13,"column":17},"end":{"line":13,"column":38}},"3":{"start":{"line":14,"column":2},"end":{"line":16,"column":3}},"4":{"start":{"line":15,"column":4},"end":{"line":15,"column":60}},"5":{"start":{"line":17,"column":2},"end":{"line":17,"column":9}},"6":{"start":{"line":21,"column":0},"end":{"line":21,"column":91}},"7":{"start":{"line":21,"column":36},"end":{"line":21,"column":89}},"8":{"start":{"line":24,"column":0},"end":{"line":31,"column":2}},"9":{"start":{"line":34,"column":0},"end":{"line":41,"column":2}},"10":{"start":{"line":44,"column":0},"end":{"line":50,"column":2}}},"fnMap":{"0":{"name":"(anonymous_0)","decl":{"start":{"line":12,"column":17},"end":{"line":12,"column":18}},"loc":{"start":{"line":12,"column":37},"end":{"line":18,"column":1}},"line":12},"1":{"name":"(anonymous_1)","decl":{"start":{"line":21,"column":22},"end":{"line":21,"column":23}},"loc":{"start":{"line":21,"column":36},"end":{"line":21,"column":89}},"line":21}},"branchMap":{"0":{"loc":{"start":{"line":14,"column":2},"end":{"line":16,"column":3}},"type":"if","locations":[{"start":{"line":14,"column":2},"end":{"line":16,"column":3}},{"start":{},"end":{}}],"line":14}},"s":{"0":3,"1":3,"2":5,"3":5,"4":2,"5":3,"6":3,"7":1,"8":3,"9":3,"10":3},"f":{"0":5,"1":1},"b":{"0":[2,3]},"inputSourceMap":null,"_coverageSchema":"1a1c01bbd47fc00a2c39e90264f33305004495a9","hash":"d362762d271bacf77ac798e1c602a83eaf9fd9bd"}
,"C:\\Users\\ASUS\\.gemini\\antigravity\\scratch\\election-assistant\\src\\services\\gemini.service.js": {"path":"C:\\Users\\ASUS\\.gemini\\antigravity\\scratch\\election-assistant\\src\\services\\gemini.service.js","statementMap":{"0":{"start":{"line":7,"column":20},"end":{"line":12,"column":1}},"1":{"start":{"line":18,"column":2},"end":{"line":18,"column":28}},"2":{"start":{"line":18,"column":14},"end":{"line":18,"column":27}},"3":{"start":{"line":20,"column":17},"end":{"line":20,"column":44}},"4":{"start":{"line":21,"column":2},"end":{"line":23,"column":3}},"5":{"start":{"line":22,"column":4},"end":{"line":22,"column":93}},"6":{"start":{"line":25,"column":2},"end":{"line":25,"column":41}},"7":{"start":{"line":26,"column":2},"end":{"line":26,"column":46}},"8":{"start":{"line":27,"column":2},"end":{"line":27,"column":15}},"9":{"start":{"line":34,"column":2},"end":{"line":34,"column":21}},"10":{"start":{"line":37,"column":2},"end":{"line":70,"column":3}},"11":{"start":{"line":38,"column":4},"end":{"line":69,"column":5}},"12":{"start":{"line":39,"column":20},"end":{"line":46,"column":8}},"13":{"start":{"line":48,"column":21},"end":{"line":48,"column":57}},"14":{"start":{"line":49,"column":6},"end":{"line":51,"column":7}},"15":{"start":{"line":50,"column":8},"end":{"line":50,"column":57}},"16":{"start":{"line":52,"column":6},"end":{"line":52,"column":20}},"17":{"start":{"line":55,"column":8},"end":{"line":59,"column":45}},"18":{"start":{"line":61,"column":6},"end":{"line":61,"column":24}},"19":{"start":{"line":63,"column":6},"end":{"line":66,"column":7}},"20":{"start":{"line":64,"column":8},"end":{"line":64,"column":96}},"21":{"start":{"line":65,"column":8},"end":{"line":65,"column":17}},"22":{"start":{"line":68,"column":6},"end":{"line":68,"column":18}},"23":{"start":{"line":72,"column":2},"end":{"line":72,"column":18}},"24":{"start":{"line":82,"column":2},"end":{"line":96,"column":3}},"25":{"start":{"line":83,"column":19},"end":{"line":86,"column":6}},"26":{"start":{"line":84,"column":19},"end":{"line":84,"column":47}},"27":{"start":{"line":85,"column":6},"end":{"line":85,"column":51}},"28":{"start":{"line":88,"column":4},"end":{"line":92,"column":5}},"29":{"start":{"line":89,"column":6},"end":{"line":91,"column":7}},"30":{"start":{"line":90,"column":8},"end":{"line":90,"column":27}},"31":{"start":{"line":94,"column":4},"end":{"line":94,"column":64}},"32":{"start":{"line":95,"column":4},"end":{"line":95,"column":14}},"33":{"start":{"line":105,"column":2},"end":{"line":125,"column":3}},"34":{"start":{"line":106,"column":19},"end":{"line":117,"column":6}},"35":{"start":{"line":107,"column":24},"end":{"line":113,"column":8}},"36":{"start":{"line":114,"column":6},"end":{"line":116,"column":9}},"37":{"start":{"line":119,"column":21},"end":{"line":119,"column":36}},"38":{"start":{"line":120,"column":17},"end":{"line":120,"column":32}},"39":{"start":{"line":121,"column":4},"end":{"line":121,"column":28}},"40":{"start":{"line":123,"column":4},"end":{"line":123,"column":73}},"41":{"start":{"line":124,"column":4},"end":{"line":124,"column":14}}},"fnMap":{"0":{"name":"initClient","decl":{"start":{"line":17,"column":15},"end":{"line":17,"column":25}},"loc":{"start":{"line":17,"column":28},"end":{"line":28,"column":1}},"line":17},"1":{"name":"executeWithModelFallback","decl":{"start":{"line":33,"column":15},"end":{"line":33,"column":39}},"loc":{"start":{"line":33,"column":54},"end":{"line":73,"column":1}},"line":33},"2":{"name":"streamChatResponse","decl":{"start":{"line":81,"column":23},"end":{"line":81,"column":41}},"loc":{"start":{"line":81,"column":60},"end":{"line":97,"column":1}},"line":81},"3":{"name":"(anonymous_3)","decl":{"start":{"line":83,"column":50},"end":{"line":83,"column":51}},"loc":{"start":{"line":83,"column":67},"end":{"line":86,"column":5}},"line":83},"4":{"name":"generateJsonContent","decl":{"start":{"line":104,"column":22},"end":{"line":104,"column":41}},"loc":{"start":{"line":104,"column":50},"end":{"line":126,"column":1}},"line":104},"5":{"name":"(anonymous_5)","decl":{"start":{"line":106,"column":50},"end":{"line":106,"column":51}},"loc":{"start":{"line":106,"column":67},"end":{"line":117,"column":5}},"line":106}},"branchMap":{"0":{"loc":{"start":{"line":18,"column":2},"end":{"line":18,"column":28}},"type":"if","locations":[{"start":{"line":18,"column":2},"end":{"line":18,"column":28}},{"start":{},"end":{}}],"line":18},"1":{"loc":{"start":{"line":21,"column":2},"end":{"line":23,"column":3}},"type":"if","locations":[{"start":{"line":21,"column":2},"end":{"line":23,"column":3}},{"start":{},"end":{}}],"line":21},"2":{"loc":{"start":{"line":49,"column":6},"end":{"line":51,"column":7}},"type":"if","locations":[{"start":{"line":49,"column":6},"end":{"line":51,"column":7}},{"start":{},"end":{}}],"line":49},"3":{"loc":{"start":{"line":55,"column":8},"end":{"line":59,"column":45}},"type":"binary-expr","locations":[{"start":{"line":55,"column":8},"end":{"line":55,"column":37}},{"start":{"line":56,"column":8},"end":{"line":56,"column":37}},{"start":{"line":57,"column":8},"end":{"line":57,"column":44}},{"start":{"line":58,"column":8},"end":{"line":58,"column":47}},{"start":{"line":59,"column":8},"end":{"line":59,"column":45}}],"line":55},"4":{"loc":{"start":{"line":63,"column":6},"end":{"line":66,"column":7}},"type":"if","locations":[{"start":{"line":63,"column":6},"end":{"line":66,"column":7}},{"start":{},"end":{}}],"line":63},"5":{"loc":{"start":{"line":89,"column":6},"end":{"line":91,"column":7}},"type":"if","locations":[{"start":{"line":89,"column":6},"end":{"line":91,"column":7}},{"start":{},"end":{}}],"line":89}},"s":{"0":3,"1":3,"2":2,"3":1,"4":1,"5":0,"6":1,"7":1,"8":1,"9":3,"10":3,"11":3,"12":3,"13":3,"14":2,"15":0,"16":2,"17":1,"18":1,"19":1,"20":0,"21":0,"22":1,"23":0,"24":1,"25":1,"26":1,"27":1,"28":0,"29":0,"30":0,"31":1,"32":1,"33":2,"34":2,"35":2,"36":2,"37":2,"38":2,"39":2,"40":0,"41":0},"f":{"0":3,"1":3,"2":1,"3":1,"4":2,"5":2},"b":{"0":[2,1],"1":[0,1],"2":[0,2],"3":[1,1,1,1,1],"4":[0,1],"5":[0,0]},"inputSourceMap":null,"_coverageSchema":"1a1c01bbd47fc00a2c39e90264f33305004495a9","hash":"57ee84cbf98d978b4c25268f2cc6158f67b236c5"}
,"C:\\Users\\ASUS\\.gemini\\antigravity\\scratch\\election-assistant\\src\\services\\logger.service.js": {"path":"C:\\Users\\ASUS\\.gemini\\antigravity\\scratch\\election-assistant\\src\\services\\logger.service.js","statementMap":{"0":{"start":{"line":4,"column":14},"end":{"line":4,"column":18}},"1":{"start":{"line":5,"column":10},"end":{"line":5,"column":14}},"2":{"start":{"line":6,"column":16},"end":{"line":6,"column":41}},"3":{"start":{"line":9,"column":2},"end":{"line":12,"column":3}},"4":{"start":{"line":10,"column":4},"end":{"line":10,"column":64}},"5":{"start":{"line":11,"column":4},"end":{"line":11,"column":31}},"6":{"start":{"line":13,"column":2},"end":{"line":13,"column":13}},"7":{"start":{"line":19,"column":22},"end":{"line":47,"column":1}},"8":{"start":{"line":21,"column":24},"end":{"line":21,"column":32}},"9":{"start":{"line":22,"column":18},"end":{"line":22,"column":105}},"10":{"start":{"line":23,"column":4},"end":{"line":27,"column":5}},"11":{"start":{"line":24,"column":6},"end":{"line":24,"column":44}},"12":{"start":{"line":26,"column":6},"end":{"line":26,"column":78}},"13":{"start":{"line":30,"column":24},"end":{"line":30,"column":32}},"14":{"start":{"line":31,"column":18},"end":{"line":31,"column":106}},"15":{"start":{"line":32,"column":4},"end":{"line":36,"column":5}},"16":{"start":{"line":33,"column":6},"end":{"line":33,"column":44}},"17":{"start":{"line":35,"column":6},"end":{"line":35,"column":81}},"18":{"start":{"line":39,"column":24},"end":{"line":39,"column":32}},"19":{"start":{"line":40,"column":18},"end":{"line":40,"column":108}},"20":{"start":{"line":41,"column":4},"end":{"line":45,"column":5}},"21":{"start":{"line":42,"column":6},"end":{"line":42,"column":44}},"22":{"start":{"line":44,"column":6},"end":{"line":44,"column":82}}},"fnMap":{"0":{"name":"getLog","decl":{"start":{"line":8,"column":9},"end":{"line":8,"column":15}},"loc":{"start":{"line":8,"column":18},"end":{"line":14,"column":1}},"line":8},"1":{"name":"(anonymous_1)","decl":{"start":{"line":20,"column":8},"end":{"line":20,"column":9}},"loc":{"start":{"line":20,"column":36},"end":{"line":28,"column":3}},"line":20},"2":{"name":"(anonymous_2)","decl":{"start":{"line":29,"column":9},"end":{"line":29,"column":10}},"loc":{"start":{"line":29,"column":37},"end":{"line":37,"column":3}},"line":29},"3":{"name":"(anonymous_3)","decl":{"start":{"line":38,"column":8},"end":{"line":38,"column":9}},"loc":{"start":{"line":38,"column":36},"end":{"line":46,"column":3}},"line":38}},"branchMap":{"0":{"loc":{"start":{"line":9,"column":2},"end":{"line":12,"column":3}},"type":"if","locations":[{"start":{"line":9,"column":2},"end":{"line":12,"column":3}},{"start":{},"end":{}}],"line":9},"1":{"loc":{"start":{"line":20,"column":18},"end":{"line":20,"column":31}},"type":"default-arg","locations":[{"start":{"line":20,"column":29},"end":{"line":20,"column":31}}],"line":20},"2":{"loc":{"start":{"line":23,"column":4},"end":{"line":27,"column":5}},"type":"if","locations":[{"start":{"line":23,"column":4},"end":{"line":27,"column":5}},{"start":{"line":25,"column":11},"end":{"line":27,"column":5}}],"line":23},"3":{"loc":{"start":{"line":29,"column":19},"end":{"line":29,"column":32}},"type":"default-arg","locations":[{"start":{"line":29,"column":30},"end":{"line":29,"column":32}}],"line":29},"4":{"loc":{"start":{"line":32,"column":4},"end":{"line":36,"column":5}},"type":"if","locations":[{"start":{"line":32,"column":4},"end":{"line":36,"column":5}},{"start":{"line":34,"column":11},"end":{"line":36,"column":5}}],"line":32},"5":{"loc":{"start":{"line":38,"column":18},"end":{"line":38,"column":31}},"type":"default-arg","locations":[{"start":{"line":38,"column":29},"end":{"line":38,"column":31}}],"line":38},"6":{"loc":{"start":{"line":41,"column":4},"end":{"line":45,"column":5}},"type":"if","locations":[{"start":{"line":41,"column":4},"end":{"line":45,"column":5}},{"start":{"line":43,"column":11},"end":{"line":45,"column":5}}],"line":41}},"s":{"0":3,"1":3,"2":3,"3":4,"4":1,"5":1,"6":4,"7":3,"8":2,"9":2,"10":2,"11":0,"12":2,"13":1,"14":1,"15":1,"16":0,"17":1,"18":1,"19":1,"20":1,"21":0,"22":1},"f":{"0":4,"1":2,"2":1,"3":1},"b":{"0":[1,3],"1":[1],"2":[0,2],"3":[0],"4":[0,1],"5":[0],"6":[0,1]},"inputSourceMap":null,"_coverageSchema":"1a1c01bbd47fc00a2c39e90264f33305004495a9","hash":"565de3544bd838eab45a7cce0bceb4cb7930d645"}
,"C:\\Users\\ASUS\\.gemini\\antigravity\\scratch\\election-assistant\\src\\services\\telemetry.service.js": {"path":"C:\\Users\\ASUS\\.gemini\\antigravity\\scratch\\election-assistant\\src\\services\\telemetry.service.js","statementMap":{"0":{"start":{"line":5,"column":15},"end":{"line":5,"column":19}},"1":{"start":{"line":12,"column":2},"end":{"line":12,"column":49}},"2":{"start":{"line":12,"column":41},"end":{"line":12,"column":48}},"3":{"start":{"line":14,"column":2},"end":{"line":33,"column":3}},"4":{"start":{"line":15,"column":4},"end":{"line":17,"column":5}},"5":{"start":{"line":16,"column":6},"end":{"line":16,"column":68}},"6":{"start":{"line":18,"column":20},"end":{"line":18,"column":61}},"7":{"start":{"line":19,"column":18},"end":{"line":19,"column":54}},"8":{"start":{"line":21,"column":4},"end":{"line":30,"column":8}},"9":{"start":{"line":32,"column":4},"end":{"line":32,"column":67}}},"fnMap":{"0":{"name":"logToBigQuery","decl":{"start":{"line":11,"column":22},"end":{"line":11,"column":35}},"loc":{"start":{"line":11,"column":42},"end":{"line":34,"column":1}},"line":11}},"branchMap":{"0":{"loc":{"start":{"line":12,"column":2},"end":{"line":12,"column":49}},"type":"if","locations":[{"start":{"line":12,"column":2},"end":{"line":12,"column":49}},{"start":{},"end":{}}],"line":12},"1":{"loc":{"start":{"line":15,"column":4},"end":{"line":17,"column":5}},"type":"if","locations":[{"start":{"line":15,"column":4},"end":{"line":17,"column":5}},{"start":{},"end":{}}],"line":15},"2":{"loc":{"start":{"line":26,"column":14},"end":{"line":26,"column":38}},"type":"binary-expr","locations":[{"start":{"line":26,"column":14},"end":{"line":26,"column":25}},{"start":{"line":26,"column":29},"end":{"line":26,"column":38}}],"line":26},"3":{"loc":{"start":{"line":27,"column":18},"end":{"line":27,"column":37}},"type":"binary-expr","locations":[{"start":{"line":27,"column":18},"end":{"line":27,"column":32}},{"start":{"line":27,"column":36},"end":{"line":27,"column":37}}],"line":27},"4":{"loc":{"start":{"line":28,"column":14},"end":{"line":28,"column":30}},"type":"binary-expr","locations":[{"start":{"line":28,"column":14},"end":{"line":28,"column":25}},{"start":{"line":28,"column":29},"end":{"line":28,"column":30}}],"line":28},"5":{"loc":{"start":{"line":29,"column":16},"end":{"line":29,"column":37}},"type":"binary-expr","locations":[{"start":{"line":29,"column":16},"end":{"line":29,"column":29}},{"start":{"line":29,"column":33},"end":{"line":29,"column":37}}],"line":29}},"s":{"0":4,"1":3,"2":1,"3":2,"4":2,"5":1,"6":2,"7":2,"8":2,"9":1},"f":{"0":3},"b":{"0":[1,2],"1":[1,1],"2":[2,1],"3":[2,1],"4":[2,1],"5":[2,2]},"inputSourceMap":null,"_coverageSchema":"1a1c01bbd47fc00a2c39e90264f33305004495a9","hash":"2b0a58f798d21a3ce3d832898d3a123c3bfd72d0"}
,"C:\\Users\\ASUS\\.gemini\\antigravity\\scratch\\election-assistant\\src\\utils\\education.utils.js": {"path":"C:\\Users\\ASUS\\.gemini\\antigravity\\scratch\\election-assistant\\src\\utils\\education.utils.js","statementMap":{"0":{"start":{"line":2,"column":14},"end":{"line":2,"column":35}},"1":{"start":{"line":3,"column":2},"end":{"line":3,"column":295}},"2":{"start":{"line":3,"column":65},"end":{"line":3,"column":294}},"3":{"start":{"line":4,"column":2},"end":{"line":4,"column":372}},"4":{"start":{"line":4,"column":85},"end":{"line":4,"column":371}},"5":{"start":{"line":5,"column":2},"end":{"line":5,"column":371}},"6":{"start":{"line":5,"column":87},"end":{"line":5,"column":370}},"7":{"start":{"line":6,"column":2},"end":{"line":6,"column":293}},"8":{"start":{"line":6,"column":66},"end":{"line":6,"column":292}},"9":{"start":{"line":7,"column":2},"end":{"line":7,"column":419}},"10":{"start":{"line":7,"column":83},"end":{"line":7,"column":418}},"11":{"start":{"line":8,"column":2},"end":{"line":8,"column":329}},"12":{"start":{"line":8,"column":86},"end":{"line":8,"column":328}},"13":{"start":{"line":9,"column":2},"end":{"line":9,"column":302}},"14":{"start":{"line":9,"column":88},"end":{"line":9,"column":301}},"15":{"start":{"line":10,"column":2},"end":{"line":10,"column":361}},"16":{"start":{"line":10,"column":97},"end":{"line":10,"column":360}},"17":{"start":{"line":11,"column":2},"end":{"line":11,"column":283}},"18":{"start":{"line":11,"column":79},"end":{"line":11,"column":282}},"19":{"start":{"line":12,"column":2},"end":{"line":12,"column":197}},"20":{"start":{"line":16,"column":2},"end":{"line":24,"column":4}},"21":{"start":{"line":28,"column":2},"end":{"line":39,"column":4}},"22":{"start":{"line":43,"column":2},"end":{"line":43,"column":71}},"23":{"start":{"line":43,"column":36},"end":{"line":43,"column":70}},"24":{"start":{"line":44,"column":18},"end":{"line":44,"column":32}},"25":{"start":{"line":45,"column":2},"end":{"line":45,"column":47}},"26":{"start":{"line":45,"column":17},"end":{"line":45,"column":46}},"27":{"start":{"line":46,"column":2},"end":{"line":46,"column":79}},"28":{"start":{"line":46,"column":30},"end":{"line":46,"column":78}},"29":{"start":{"line":47,"column":2},"end":{"line":47,"column":14}},"30":{"start":{"line":51,"column":2},"end":{"line":51,"column":28}},"31":{"start":{"line":51,"column":17},"end":{"line":51,"column":27}},"32":{"start":{"line":52,"column":2},"end":{"line":52,"column":38}},"33":{"start":{"line":56,"column":2},"end":{"line":56,"column":84}},"34":{"start":{"line":60,"column":2},"end":{"line":81,"column":86}},"35":{"start":{"line":85,"column":2},"end":{"line":93,"column":211}},"36":{"start":{"line":97,"column":2},"end":{"line":103,"column":164}}},"fnMap":{"0":{"name":"getFallbackResponse","decl":{"start":{"line":1,"column":16},"end":{"line":1,"column":35}},"loc":{"start":{"line":1,"column":45},"end":{"line":13,"column":1}},"line":1},"1":{"name":"getFallbackQuiz","decl":{"start":{"line":15,"column":16},"end":{"line":15,"column":31}},"loc":{"start":{"line":15,"column":34},"end":{"line":25,"column":1}},"line":15},"2":{"name":"getFallbackFlashcards","decl":{"start":{"line":27,"column":16},"end":{"line":27,"column":37}},"loc":{"start":{"line":27,"column":40},"end":{"line":40,"column":1}},"line":27},"3":{"name":"validateChatMessage","decl":{"start":{"line":42,"column":16},"end":{"line":42,"column":35}},"loc":{"start":{"line":42,"column":45},"end":{"line":48,"column":1}},"line":42},"4":{"name":"redactMessageForTelemetry","decl":{"start":{"line":50,"column":16},"end":{"line":50,"column":41}},"loc":{"start":{"line":50,"column":51},"end":{"line":53,"column":1}},"line":50},"5":{"name":"generateSessionId","decl":{"start":{"line":55,"column":16},"end":{"line":55,"column":33}},"loc":{"start":{"line":55,"column":36},"end":{"line":57,"column":1}},"line":55},"6":{"name":"SYSTEM_PROMPT","decl":{"start":{"line":59,"column":16},"end":{"line":59,"column":29}},"loc":{"start":{"line":59,"column":32},"end":{"line":82,"column":1}},"line":59},"7":{"name":"QUIZ_PROMPT","decl":{"start":{"line":84,"column":16},"end":{"line":84,"column":27}},"loc":{"start":{"line":84,"column":47},"end":{"line":94,"column":1}},"line":84},"8":{"name":"FLASHCARD_PROMPT","decl":{"start":{"line":96,"column":16},"end":{"line":96,"column":32}},"loc":{"start":{"line":96,"column":40},"end":{"line":104,"column":1}},"line":96}},"branchMap":{"0":{"loc":{"start":{"line":3,"column":2},"end":{"line":3,"column":295}},"type":"if","locations":[{"start":{"line":3,"column":2},"end":{"line":3,"column":295}},{"start":{},"end":{}}],"line":3},"1":{"loc":{"start":{"line":3,"column":6},"end":{"line":3,"column":62}},"type":"binary-expr","locations":[{"start":{"line":3,"column":6},"end":{"line":3,"column":25}},{"start":{"line":3,"column":29},"end":{"line":3,"column":62}}],"line":3},"2":{"loc":{"start":{"line":4,"column":2},"end":{"line":4,"column":372}},"type":"if","locations":[{"start":{"line":4,"column":2},"end":{"line":4,"column":372}},{"start":{},"end":{}}],"line":4},"3":{"loc":{"start":{"line":4,"column":6},"end":{"line":4,"column":82}},"type":"binary-expr","locations":[{"start":{"line":4,"column":6},"end":{"line":4,"column":27}},{"start":{"line":4,"column":31},"end":{"line":4,"column":58}},{"start":{"line":4,"column":62},"end":{"line":4,"column":82}}],"line":4},"4":{"loc":{"start":{"line":5,"column":2},"end":{"line":5,"column":371}},"type":"if","locations":[{"start":{"line":5,"column":2},"end":{"line":5,"column":371}},{"start":{},"end":{}}],"line":5},"5":{"loc":{"start":{"line":5,"column":6},"end":{"line":5,"column":84}},"type":"binary-expr","locations":[{"start":{"line":5,"column":6},"end":{"line":5,"column":30}},{"start":{"line":5,"column":34},"end":{"line":5,"column":58}},{"start":{"line":5,"column":62},"end":{"line":5,"column":84}}],"line":5},"6":{"loc":{"start":{"line":6,"column":2},"end":{"line":6,"column":293}},"type":"if","locations":[{"start":{"line":6,"column":2},"end":{"line":6,"column":293}},{"start":{},"end":{}}],"line":6},"7":{"loc":{"start":{"line":6,"column":6},"end":{"line":6,"column":63}},"type":"binary-expr","locations":[{"start":{"line":6,"column":6},"end":{"line":6,"column":26}},{"start":{"line":6,"column":30},"end":{"line":6,"column":63}}],"line":6},"8":{"loc":{"start":{"line":7,"column":2},"end":{"line":7,"column":419}},"type":"if","locations":[{"start":{"line":7,"column":2},"end":{"line":7,"column":419}},{"start":{},"end":{}}],"line":7},"9":{"loc":{"start":{"line":7,"column":6},"end":{"line":7,"column":80}},"type":"binary-expr","locations":[{"start":{"line":7,"column":6},"end":{"line":7,"column":25}},{"start":{"line":7,"column":29},"end":{"line":7,"column":55}},{"start":{"line":7,"column":59},"end":{"line":7,"column":80}}],"line":7},"10":{"loc":{"start":{"line":8,"column":2},"end":{"line":8,"column":329}},"type":"if","locations":[{"start":{"line":8,"column":2},"end":{"line":8,"column":329}},{"start":{},"end":{}}],"line":8},"11":{"loc":{"start":{"line":8,"column":6},"end":{"line":8,"column":83}},"type":"binary-expr","locations":[{"start":{"line":8,"column":6},"end":{"line":8,"column":28}},{"start":{"line":8,"column":32},"end":{"line":8,"column":56}},{"start":{"line":8,"column":60},"end":{"line":8,"column":83}}],"line":8},"12":{"loc":{"start":{"line":9,"column":2},"end":{"line":9,"column":302}},"type":"if","locations":[{"start":{"line":9,"column":2},"end":{"line":9,"column":302}},{"start":{},"end":{}}],"line":9},"13":{"loc":{"start":{"line":9,"column":6},"end":{"line":9,"column":85}},"type":"binary-expr","locations":[{"start":{"line":9,"column":6},"end":{"line":9,"column":30}},{"start":{"line":9,"column":34},"end":{"line":9,"column":53}},{"start":{"line":9,"column":57},"end":{"line":9,"column":85}}],"line":9},"14":{"loc":{"start":{"line":10,"column":2},"end":{"line":10,"column":361}},"type":"if","locations":[{"start":{"line":10,"column":2},"end":{"line":10,"column":361}},{"start":{},"end":{}}],"line":10},"15":{"loc":{"start":{"line":10,"column":6},"end":{"line":10,"column":94}},"type":"binary-expr","locations":[{"start":{"line":10,"column":6},"end":{"line":10,"column":32}},{"start":{"line":10,"column":36},"end":{"line":10,"column":65}},{"start":{"line":10,"column":69},"end":{"line":10,"column":94}}],"line":10},"16":{"loc":{"start":{"line":11,"column":2},"end":{"line":11,"column":283}},"type":"if","locations":[{"start":{"line":11,"column":2},"end":{"line":11,"column":283}},{"start":{},"end":{}}],"line":11},"17":{"loc":{"start":{"line":11,"column":6},"end":{"line":11,"column":76}},"type":"binary-expr","locations":[{"start":{"line":11,"column":6},"end":{"line":11,"column":27}},{"start":{"line":11,"column":31},"end":{"line":11,"column":49}},{"start":{"line":11,"column":53},"end":{"line":11,"column":76}}],"line":11},"18":{"loc":{"start":{"line":43,"column":2},"end":{"line":43,"column":71}},"type":"if","locations":[{"start":{"line":43,"column":2},"end":{"line":43,"column":71}},{"start":{},"end":{}}],"line":43},"19":{"loc":{"start":{"line":45,"column":2},"end":{"line":45,"column":47}},"type":"if","locations":[{"start":{"line":45,"column":2},"end":{"line":45,"column":47}},{"start":{},"end":{}}],"line":45},"20":{"loc":{"start":{"line":46,"column":2},"end":{"line":46,"column":79}},"type":"if","locations":[{"start":{"line":46,"column":2},"end":{"line":46,"column":79}},{"start":{},"end":{}}],"line":46},"21":{"loc":{"start":{"line":51,"column":2},"end":{"line":51,"column":28}},"type":"if","locations":[{"start":{"line":51,"column":2},"end":{"line":51,"column":28}},{"start":{},"end":{}}],"line":51}},"s":{"0":11,"1":11,"2":1,"3":10,"4":1,"5":9,"6":2,"7":7,"8":1,"9":6,"10":1,"11":5,"12":1,"13":4,"14":1,"15":3,"16":1,"17":2,"18":2,"19":0,"20":1,"21":1,"22":6,"23":2,"24":4,"25":4,"26":2,"27":2,"28":1,"29":1,"30":1,"31":0,"32":1,"33":1,"34":1,"35":2,"36":2},"f":{"0":11,"1":1,"2":1,"3":6,"4":1,"5":1,"6":1,"7":2,"8":2},"b":{"0":[1,10],"1":[11,10],"2":[1,9],"3":[10,9,9],"4":[2,7],"5":[9,7,7],"6":[1,6],"7":[7,6],"8":[1,5],"9":[6,5,5],"10":[1,4],"11":[5,4,4],"12":[1,3],"13":[4,3,3],"14":[1,2],"15":[3,3,2],"16":[2,0],"17":[2,2,0],"18":[2,4],"19":[2,2],"20":[1,1],"21":[0,1]},"inputSourceMap":null,"_coverageSchema":"1a1c01bbd47fc00a2c39e90264f33305004495a9","hash":"a8bf76407017ff261c3a6fe18caa735ac03d5de2"}
,"C:\\Users\\ASUS\\.gemini\\antigravity\\scratch\\election-assistant\\src\\utils\\enrichPrompt.js": {"path":"C:\\Users\\ASUS\\.gemini\\antigravity\\scratch\\election-assistant\\src\\utils\\enrichPrompt.js","statementMap":{"0":{"start":{"line":9,"column":14},"end":{"line":9,"column":35}},"1":{"start":{"line":10,"column":15},"end":{"line":10,"column":24}},"2":{"start":{"line":11,"column":16},"end":{"line":11,"column":43}},"3":{"start":{"line":13,"column":2},"end":{"line":25,"column":3}},"4":{"start":{"line":14,"column":4},"end":{"line":14,"column":34}},"5":{"start":{"line":15,"column":4},"end":{"line":15,"column":60}},"6":{"start":{"line":16,"column":9},"end":{"line":25,"column":3}},"7":{"start":{"line":17,"column":4},"end":{"line":17,"column":25}},"8":{"start":{"line":18,"column":4},"end":{"line":18,"column":57}},"9":{"start":{"line":19,"column":9},"end":{"line":25,"column":3}},"10":{"start":{"line":20,"column":4},"end":{"line":20,"column":26}},"11":{"start":{"line":21,"column":4},"end":{"line":21,"column":57}},"12":{"start":{"line":22,"column":9},"end":{"line":25,"column":3}},"13":{"start":{"line":23,"column":4},"end":{"line":23,"column":32}},"14":{"start":{"line":24,"column":4},"end":{"line":24,"column":63}},"15":{"start":{"line":27,"column":2},"end":{"line":27,"column":29}}},"fnMap":{"0":{"name":"enrichPrompt","decl":{"start":{"line":8,"column":9},"end":{"line":8,"column":21}},"loc":{"start":{"line":8,"column":31},"end":{"line":28,"column":1}},"line":8}},"branchMap":{"0":{"loc":{"start":{"line":13,"column":2},"end":{"line":25,"column":3}},"type":"if","locations":[{"start":{"line":13,"column":2},"end":{"line":25,"column":3}},{"start":{"line":16,"column":9},"end":{"line":25,"column":3}}],"line":13},"1":{"loc":{"start":{"line":16,"column":9},"end":{"line":25,"column":3}},"type":"if","locations":[{"start":{"line":16,"column":9},"end":{"line":25,"column":3}},{"start":{"line":19,"column":9},"end":{"line":25,"column":3}}],"line":16},"2":{"loc":{"start":{"line":19,"column":9},"end":{"line":25,"column":3}},"type":"if","locations":[{"start":{"line":19,"column":9},"end":{"line":25,"column":3}},{"start":{"line":22,"column":9},"end":{"line":25,"column":3}}],"line":19},"3":{"loc":{"start":{"line":22,"column":9},"end":{"line":25,"column":3}},"type":"if","locations":[{"start":{"line":22,"column":9},"end":{"line":25,"column":3}},{"start":{},"end":{}}],"line":22},"4":{"loc":{"start":{"line":22,"column":13},"end":{"line":22,"column":58}},"type":"binary-expr","locations":[{"start":{"line":22,"column":13},"end":{"line":22,"column":33}},{"start":{"line":22,"column":37},"end":{"line":22,"column":58}}],"line":22}},"s":{"0":6,"1":6,"2":6,"3":6,"4":2,"5":2,"6":4,"7":1,"8":1,"9":3,"10":1,"11":1,"12":2,"13":1,"14":1,"15":6},"f":{"0":6},"b":{"0":[2,4],"1":[1,3],"2":[1,2],"3":[1,1],"4":[2,1]},"inputSourceMap":null,"_coverageSchema":"1a1c01bbd47fc00a2c39e90264f33305004495a9","hash":"e96cb2394b7b04a8bc7c4485a0df3d1c2d6e83ad"}
,"C:\\Users\\ASUS\\.gemini\\antigravity\\scratch\\election-assistant\\src\\utils\\sanitizer.js": {"path":"C:\\Users\\ASUS\\.gemini\\antigravity\\scratch\\election-assistant\\src\\utils\\sanitizer.js","statementMap":{"0":{"start":{"line":4,"column":0},"end":{"line":17,"column":1}},"1":{"start":{"line":7,"column":2},"end":{"line":13,"column":3}},"2":{"start":{"line":8,"column":22},"end":{"line":8,"column":43}},"3":{"start":{"line":9,"column":19},"end":{"line":9,"column":39}},"4":{"start":{"line":10,"column":4},"end":{"line":10,"column":40}},"5":{"start":{"line":12,"column":4},"end":{"line":12,"column":40}},"6":{"start":{"line":16,"column":2},"end":{"line":16,"column":41}},"7":{"start":{"line":16,"column":35},"end":{"line":16,"column":38}},"8":{"start":{"line":25,"column":2},"end":{"line":25,"column":44}},"9":{"start":{"line":25,"column":33},"end":{"line":25,"column":43}},"10":{"start":{"line":26,"column":2},"end":{"line":26,"column":34}}},"fnMap":{"0":{"name":"(anonymous_0)","decl":{"start":{"line":16,"column":26},"end":{"line":16,"column":27}},"loc":{"start":{"line":16,"column":35},"end":{"line":16,"column":38}},"line":16},"1":{"name":"sanitize","decl":{"start":{"line":24,"column":16},"end":{"line":24,"column":24}},"loc":{"start":{"line":24,"column":31},"end":{"line":27,"column":1}},"line":24}},"branchMap":{"0":{"loc":{"start":{"line":7,"column":2},"end":{"line":13,"column":3}},"type":"if","locations":[{"start":{"line":7,"column":2},"end":{"line":13,"column":3}},{"start":{"line":11,"column":9},"end":{"line":13,"column":3}}],"line":7},"1":{"loc":{"start":{"line":25,"column":2},"end":{"line":25,"column":44}},"type":"if","locations":[{"start":{"line":25,"column":2},"end":{"line":25,"column":44}},{"start":{},"end":{}}],"line":25}},"s":{"0":3,"1":3,"2":3,"3":0,"4":0,"5":0,"6":3,"7":1,"8":1,"9":0,"10":1},"f":{"0":1,"1":1},"b":{"0":[3,0],"1":[0,1]},"inputSourceMap":null,"_coverageSchema":"1a1c01bbd47fc00a2c39e90264f33305004495a9","hash":"c61397f9d5ee993ab3ff08a7af68c0b8a151fcc1"}
}
