TN:
SF:server.js
FN:65,(anonymous_0)
FN:74,(anonymous_1)
FN:79,(anonymous_2)
FN:86,(anonymous_3)
FNF:4
FNH:1
FNDA:0,(anonymous_0)
FNDA:2,(anonymous_1)
FNDA:0,(anonymous_2)
FNDA:0,(anonymous_3)
DA:19,3
DA:20,3
DA:26,3
DA:27,3
DA:30,3
DA:46,3
DA:47,3
DA:48,3
DA:49,3
DA:52,3
DA:59,3
DA:62,3
DA:66,0
DA:71,3
DA:74,3
DA:75,2
DA:79,3
DA:80,0
DA:81,0
DA:85,3
DA:86,0
DA:87,0
LF:22
LH:17
BRDA:85,0,0,0
BRDA:85,0,1,3
BRF:2
BRH:1
end_of_record
TN:
SF:src\config\config.js
FN:14,getSecret
FN:39,(anonymous_1)
FNF:2
FNH:2
FNDA:1,getSecret
FNDA:1,(anonymous_1)
DA:4,3
DA:6,3
DA:16,1
DA:17,1
DA:20,0
DA:21,0
DA:22,0
DA:23,0
DA:24,0
DA:26,0
DA:27,0
DA:31,3
DA:39,1
LF:13
LH:6
BRDA:16,0,0,1
BRDA:16,0,1,0
BRDA:16,1,0,1
BRDA:16,1,1,0
BRDA:21,2,0,0
BRDA:21,2,1,0
BRDA:32,3,0,3
BRDA:32,3,1,0
BRDA:33,4,0,3
BRDA:33,4,1,3
BRDA:34,5,0,3
BRDA:34,5,1,3
BRDA:35,6,0,3
BRDA:35,6,1,3
BRDA:36,7,0,3
BRDA:36,7,1,0
BRF:16
BRH:10
end_of_record
TN:
SF:src\controllers\chat.controller.js
FN:17,(anonymous_0)
FN:61,(anonymous_1)
FNF:2
FNH:2
FNDA:1,(anonymous_0)
FNDA:43,(anonymous_1)
DA:8,3
DA:13,3
DA:18,1
DA:19,1
DA:20,1
DA:23,1
DA:24,1
DA:25,1
DA:27,1
DA:28,1
DA:29,1
DA:30,1
DA:31,1
DA:33,1
DA:35,1
DA:40,1
DA:42,1
DA:43,1
DA:44,1
DA:45,0
DA:46,0
DA:47,0
DA:48,0
DA:52,1
DA:53,1
DA:54,1
DA:57,1
DA:58,1
DA:59,43
DA:60,43
DA:61,43
DA:66,1
DA:67,1
DA:68,1
DA:70,1
DA:71,1
DA:72,1
DA:75,1
DA:76,1
DA:85,0
DA:86,0
DA:87,0
DA:88,0
DA:89,0
LF:44
LH:35
BRDA:19,0,0,1
BRDA:19,0,1,0
BRDA:35,1,0,1
BRDA:35,1,1,1
BRDA:48,2,0,0
BRDA:48,2,1,0
BRDA:60,3,0,43
BRDA:60,3,1,0
BRDA:71,4,0,1
BRDA:71,4,1,0
BRDA:88,5,0,0
BRDA:88,5,1,0
BRF:12
BRH:5
end_of_record
TN:
SF:src\controllers\education.controller.js
FN:15,(anonymous_0)
FN:39,(anonymous_1)
FNF:2
FNH:2
FNDA:1,(anonymous_0)
FNDA:1,(anonymous_1)
DA:6,3
DA:11,3
DA:16,1
DA:17,1
DA:19,1
DA:20,1
DA:21,0
DA:22,0
DA:25,1
DA:26,1
DA:27,1
DA:28,1
DA:29,1
DA:31,0
DA:32,0
DA:40,1
DA:41,1
DA:43,1
DA:44,1
DA:46,1
DA:47,1
DA:48,1
DA:49,1
DA:50,1
DA:52,0
DA:53,0
LF:26
LH:20
BRDA:17,0,0,1
BRDA:17,0,1,0
BRDA:17,1,0,1
BRDA:17,1,1,0
BRDA:20,2,0,0
BRDA:20,2,1,1
BRDA:41,3,0,1
BRDA:41,3,1,0
BRDA:44,4,0,0
BRDA:44,4,1,1
BRF:10
BRH:5
end_of_record
TN:
SF:src\routes\api.routes.js
FN:12,(anonymous_0)
FN:21,(anonymous_1)
FNF:2
FNH:2
FNDA:5,(anonymous_0)
FNDA:1,(anonymous_1)
DA:7,3
DA:12,3
DA:13,5
DA:14,5
DA:15,2
DA:17,3
DA:21,3
DA:24,3
DA:34,3
DA:44,3
LF:10
LH:10
BRDA:14,0,0,2
BRDA:14,0,1,3
BRF:2
BRH:2
end_of_record
TN:
SF:src\services\gemini.service.js
FN:17,initClient
FN:33,executeWithModelFallback
FN:81,streamChatResponse
FN:83,(anonymous_3)
FN:104,generateJsonContent
FN:106,(anonymous_5)
FNF:6
FNH:6
FNDA:3,initClient
FNDA:3,executeWithModelFallback
FNDA:1,streamChatResponse
FNDA:1,(anonymous_3)
FNDA:2,generateJsonContent
FNDA:2,(anonymous_5)
DA:7,3
DA:18,3
DA:20,1
DA:21,1
DA:22,0
DA:25,1
DA:26,1
DA:27,1
DA:34,3
DA:37,3
DA:38,3
DA:39,3
DA:48,3
DA:49,2
DA:50,0
DA:52,2
DA:55,1
DA:61,1
DA:63,1
DA:64,0
DA:65,0
DA:68,1
DA:72,0
DA:82,1
DA:83,1
DA:84,1
DA:85,1
DA:88,0
DA:89,0
DA:90,0
DA:94,1
DA:95,1
DA:105,2
DA:106,2
DA:107,2
DA:114,2
DA:119,2
DA:120,2
DA:121,2
DA:123,0
DA:124,0
LF:41
LH:31
BRDA:18,0,0,2
BRDA:18,0,1,1
BRDA:21,1,0,0
BRDA:21,1,1,1
BRDA:49,2,0,0
BRDA:49,2,1,2
BRDA:55,3,0,1
BRDA:55,3,1,1
BRDA:55,3,2,1
BRDA:55,3,3,1
BRDA:55,3,4,1
BRDA:63,4,0,0
BRDA:63,4,1,1
BRDA:89,5,0,0
BRDA:89,5,1,0
BRF:15
BRH:10
end_of_record
TN:
SF:src\services\logger.service.js
FN:12,(anonymous_0)
FN:20,(anonymous_1)
FN:28,(anonymous_2)
FNF:3
FNH:3
FNDA:2,(anonymous_0)
FNDA:1,(anonymous_1)
FNDA:1,(anonymous_2)
DA:4,3
DA:5,3
DA:6,3
DA:11,3
DA:13,2
DA:14,2
DA:15,0
DA:17,2
DA:21,1
DA:22,1
DA:23,0
DA:25,1
DA:29,1
DA:30,1
DA:31,0
DA:33,1
LF:16
LH:13
BRDA:12,0,0,1
BRDA:14,1,0,0
BRDA:14,1,1,2
BRDA:20,2,0,0
BRDA:22,3,0,0
BRDA:22,3,1,1
BRDA:28,4,0,0
BRDA:30,5,0,0
BRDA:30,5,1,1
BRF:9
BRH:4
end_of_record
TN:
SF:src\services\telemetry.service.js
FN:11,logToBigQuery
FNF:1
FNH:1
FNDA:1,logToBigQuery
DA:5,3
DA:12,1
DA:14,0
DA:15,0
DA:16,0
DA:18,0
DA:29,0
LF:7
LH:2
BRDA:12,0,0,1
BRDA:12,0,1,0
BRDA:23,1,0,0
BRDA:23,1,1,0
BRDA:24,2,0,0
BRDA:24,2,1,0
BRDA:25,3,0,0
BRDA:25,3,1,0
BRDA:26,4,0,0
BRDA:26,4,1,0
BRF:10
BRH:1
end_of_record
TN:
SF:src\utils\education.utils.js
FN:1,getFallbackResponse
FN:15,getFallbackQuiz
FN:27,getFallbackFlashcards
FN:42,validateChatMessage
FN:50,redactMessageForTelemetry
FN:55,generateSessionId
FN:59,SYSTEM_PROMPT
FN:63,QUIZ_PROMPT
FN:67,FLASHCARD_PROMPT
FNF:9
FNH:9
FNDA:11,getFallbackResponse
FNDA:1,getFallbackQuiz
FNDA:1,getFallbackFlashcards
FNDA:6,validateChatMessage
FNDA:1,redactMessageForTelemetry
FNDA:1,generateSessionId
FNDA:1,SYSTEM_PROMPT
FNDA:2,QUIZ_PROMPT
FNDA:2,FLASHCARD_PROMPT
DA:2,11
DA:3,11
DA:4,10
DA:5,9
DA:6,7
DA:7,6
DA:8,5
DA:9,4
DA:10,3
DA:11,2
DA:12,0
DA:16,1
DA:28,1
DA:43,6
DA:44,4
DA:45,4
DA:46,2
DA:47,1
DA:51,1
DA:52,1
DA:56,1
DA:60,1
DA:64,2
DA:68,2
LF:24
LH:23
BRDA:3,0,0,1
BRDA:3,0,1,10
BRDA:3,1,0,11
BRDA:3,1,1,10
BRDA:4,2,0,1
BRDA:4,2,1,9
BRDA:4,3,0,10
BRDA:4,3,1,9
BRDA:4,3,2,9
BRDA:5,4,0,2
BRDA:5,4,1,7
BRDA:5,5,0,9
BRDA:5,5,1,7
BRDA:5,5,2,7
BRDA:6,6,0,1
BRDA:6,6,1,6
BRDA:6,7,0,7
BRDA:6,7,1,6
BRDA:7,8,0,1
BRDA:7,8,1,5
BRDA:7,9,0,6
BRDA:7,9,1,5
BRDA:7,9,2,5
BRDA:8,10,0,1
BRDA:8,10,1,4
BRDA:8,11,0,5
BRDA:8,11,1,4
BRDA:8,11,2,4
BRDA:9,12,0,1
BRDA:9,12,1,3
BRDA:9,13,0,4
BRDA:9,13,1,3
BRDA:9,13,2,3
BRDA:10,14,0,1
BRDA:10,14,1,2
BRDA:10,15,0,3
BRDA:10,15,1,3
BRDA:10,15,2,2
BRDA:11,16,0,2
BRDA:11,16,1,0
BRDA:11,17,0,2
BRDA:11,17,1,2
BRDA:11,17,2,0
BRDA:43,18,0,2
BRDA:43,18,1,4
BRDA:45,19,0,2
BRDA:45,19,1,2
BRDA:46,20,0,1
BRDA:46,20,1,1
BRDA:51,21,0,0
BRDA:51,21,1,1
BRF:51
BRH:48
end_of_record
TN:
SF:src\utils\enrichPrompt.js
FN:8,enrichPrompt
FNF:1
FNH:1
FNDA:6,enrichPrompt
DA:9,6
DA:10,6
DA:11,6
DA:13,6
DA:14,2
DA:15,2
DA:16,4
DA:17,1
DA:18,1
DA:19,3
DA:20,1
DA:21,1
DA:22,2
DA:23,1
DA:24,1
DA:27,6
LF:16
LH:16
BRDA:13,0,0,2
BRDA:13,0,1,4
BRDA:16,1,0,1
BRDA:16,1,1,3
BRDA:19,2,0,1
BRDA:19,2,1,2
BRDA:22,3,0,1
BRDA:22,3,1,1
BRDA:22,4,0,2
BRDA:22,4,1,1
BRF:10
BRH:10
end_of_record
TN:
SF:src\utils\sanitizer.js
FN:16,(anonymous_0)
FN:24,sanitize
FNF:2
FNH:2
FNDA:1,(anonymous_0)
FNDA:1,sanitize
DA:4,3
DA:7,3
DA:8,3
DA:9,0
DA:10,0
DA:12,0
DA:16,3
DA:25,1
DA:26,1
LF:9
LH:6
BRDA:7,0,0,3
BRDA:7,0,1,0
BRDA:25,1,0,0
BRDA:25,1,1,1
BRF:4
BRH:2
end_of_record
