TN:
SF:server.js
FN:15,(anonymous_0)
FNF:1
FNH:0
FNDA:0,(anonymous_0)
DA:11,1
DA:14,1
DA:15,0
DA:16,0
LF:4
LH:2
BRDA:14,0,0,0
BRDA:14,0,1,1
BRF:2
BRH:1
end_of_record
TN:
SF:src\app.js
FN:19,createApp
FN:51,(anonymous_1)
FN:80,(anonymous_2)
FN:89,(anonymous_3)
FN:94,(anonymous_4)
FNF:5
FNH:2
FNDA:1,createApp
FNDA:4,(anonymous_1)
FNDA:0,(anonymous_2)
FNDA:0,(anonymous_3)
FNDA:0,(anonymous_4)
DA:11,1
DA:12,1
DA:20,1
DA:21,1
DA:24,1
DA:42,1
DA:45,1
DA:50,1
DA:52,4
DA:53,4
DA:55,0
DA:56,0
DA:58,0
DA:63,1
DA:64,1
DA:67,1
DA:74,1
DA:77,1
DA:81,0
DA:86,1
DA:89,1
DA:90,0
DA:94,1
DA:95,0
DA:96,0
DA:99,1
LF:26
LH:19
BRDA:52,0,0,4
BRDA:52,0,1,0
BRDA:55,1,0,0
BRDA:55,1,1,0
BRF:4
BRH:1
end_of_record
TN:
SF:src\config\config.js
FN:14,getSecret
FN:42,(anonymous_1)
FNF:2
FNH:2
FNDA:2,getSecret
FNDA:2,(anonymous_1)
DA:4,1
DA:6,1
DA:16,2
DA:17,2
DA:20,0
DA:21,0
DA:22,0
DA:24,0
DA:25,0
DA:26,0
DA:27,0
DA:29,0
DA:30,0
DA:34,1
DA:42,2
LF:15
LH:6
BRDA:16,0,0,2
BRDA:16,0,1,0
BRDA:16,1,0,2
BRDA:16,1,1,0
BRDA:21,2,0,0
BRDA:21,2,1,0
BRDA:24,3,0,0
BRDA:24,3,1,0
BRDA:35,4,0,1
BRDA:35,4,1,0
BRDA:36,5,0,1
BRDA:36,5,1,1
BRDA:37,6,0,1
BRDA:37,6,1,1
BRDA:38,7,0,1
BRDA:38,7,1,1
BRDA:39,8,0,1
BRDA:39,8,1,0
BRF:18
BRH:10
end_of_record
TN:
SF:src\controllers\chat.controller.js
FN:22,(anonymous_0)
FN:66,(anonymous_1)
FNF:2
FNH:1
FNDA:1,(anonymous_0)
FNDA:0,(anonymous_1)
DA:8,1
DA:13,1
DA:23,1
DA:24,1
DA:25,1
DA:28,1
DA:29,1
DA:30,1
DA:32,1
DA:33,1
DA:34,1
DA:35,1
DA:36,1
DA:38,1
DA:40,1
DA:45,1
DA:47,1
DA:48,1
DA:49,1
DA:50,1
DA:51,1
DA:52,1
DA:53,1
DA:57,0
DA:58,0
DA:59,0
DA:62,0
DA:63,0
DA:64,0
DA:65,0
DA:66,0
DA:71,1
DA:72,1
DA:73,1
DA:75,1
DA:76,1
DA:77,1
DA:80,1
DA:81,1
DA:90,0
DA:91,0
DA:92,0
DA:93,0
DA:94,0
LF:44
LH:31
BRDA:24,0,0,1
BRDA:24,0,1,0
BRDA:40,1,0,1
BRDA:40,1,1,1
BRDA:53,2,0,1
BRDA:53,2,1,0
BRDA:65,3,0,0
BRDA:65,3,1,0
BRDA:76,4,0,1
BRDA:76,4,1,0
BRDA:93,5,0,0
BRDA:93,5,1,0
BRF:12
BRH:5
end_of_record
TN:
SF:src\controllers\education.controller.js
FN:19,(anonymous_0)
FN:47,(anonymous_1)
FNF:2
FNH:2
FNDA:1,(anonymous_0)
FNDA:1,(anonymous_1)
DA:6,1
DA:11,1
DA:20,1
DA:21,1
DA:23,1
DA:24,1
DA:25,0
DA:26,0
DA:29,1
DA:30,1
DA:31,1
DA:32,1
DA:33,1
DA:35,0
DA:36,0
DA:48,1
DA:49,1
DA:51,1
DA:52,1
DA:54,1
DA:55,1
DA:56,1
DA:57,1
DA:58,1
DA:60,0
DA:61,0
LF:26
LH:20
BRDA:21,0,0,1
BRDA:21,0,1,1
BRDA:21,1,0,1
BRDA:21,1,1,0
BRDA:24,2,0,0
BRDA:24,2,1,1
BRDA:49,3,0,1
BRDA:49,3,1,0
BRDA:52,4,0,0
BRDA:52,4,1,1
BRF:10
BRH:6
end_of_record
TN:
SF:src\routes\api.routes.js
FN:17,(anonymous_0)
FN:26,(anonymous_1)
FNF:2
FNH:2
FNDA:3,(anonymous_0)
FNDA:1,(anonymous_1)
DA:7,1
DA:17,1
DA:18,3
DA:19,3
DA:20,0
DA:22,3
DA:26,1
DA:29,1
DA:39,1
DA:49,1
LF:10
LH:9
BRDA:19,0,0,0
BRDA:19,0,1,3
BRF:2
BRH:1
end_of_record
TN:
SF:src\services\gemini.service.js
FN:17,initClient
FN:33,executeWithModelFallback
FN:82,streamChatResponse
FN:84,(anonymous_3)
FN:106,generateJsonContent
FN:108,(anonymous_5)
FNF:6
FNH:6
FNDA:3,initClient
FNDA:3,executeWithModelFallback
FNDA:1,streamChatResponse
FNDA:1,(anonymous_3)
FNDA:2,generateJsonContent
FNDA:2,(anonymous_5)
DA:7,1
DA:18,3
DA:20,1
DA:21,1
DA:22,0
DA:25,1
DA:26,1
DA:27,1
DA:34,3
DA:37,3
DA:38,3
DA:39,3
DA:48,3
DA:49,3
DA:50,0
DA:52,3
DA:55,0
DA:61,0
DA:63,0
DA:64,0
DA:65,0
DA:68,0
DA:72,0
DA:83,1
DA:84,1
DA:85,1
DA:86,1
DA:89,1
DA:90,1
DA:91,1
DA:95,0
DA:96,0
DA:107,2
DA:108,2
DA:109,2
DA:116,2
DA:121,2
DA:122,2
DA:123,2
DA:125,0
DA:126,0
LF:41
LH:28
BRDA:18,0,0,2
BRDA:18,0,1,1
BRDA:21,1,0,0
BRDA:21,1,1,1
BRDA:49,2,0,0
BRDA:49,2,1,3
BRDA:55,3,0,0
BRDA:55,3,1,0
BRDA:55,3,2,0
BRDA:55,3,3,0
BRDA:55,3,4,0
BRDA:63,4,0,0
BRDA:63,4,1,0
BRDA:90,5,0,1
BRDA:90,5,1,0
BRF:15
BRH:5
end_of_record
TN:
SF:src\services\logger.service.js
FN:8,getLog
FN:26,(anonymous_1)
FN:42,(anonymous_2)
FN:58,(anonymous_3)
FNF:4
FNH:2
FNDA:2,getLog
FNDA:2,(anonymous_1)
FNDA:0,(anonymous_2)
FNDA:0,(anonymous_3)
DA:4,1
DA:5,1
DA:6,1
DA:9,2
DA:10,1
DA:11,1
DA:13,2
DA:19,1
DA:27,2
DA:28,2
DA:29,2
DA:30,0
DA:32,2
DA:43,0
DA:44,0
DA:45,0
DA:46,0
DA:48,0
DA:59,0
DA:60,0
DA:61,0
DA:62,0
DA:64,0
LF:23
LH:12
BRDA:9,0,0,1
BRDA:9,0,1,1
BRDA:26,1,0,1
BRDA:29,2,0,0
BRDA:29,2,1,2
BRDA:42,3,0,0
BRDA:45,4,0,0
BRDA:45,4,1,0
BRDA:58,5,0,0
BRDA:61,6,0,0
BRDA:61,6,1,0
BRF:11
BRH:4
end_of_record
TN:
SF:src\services\telemetry.service.js
FN:20,logToBigQuery
FNF:1
FNH:1
FNDA:1,logToBigQuery
DA:5,1
DA:21,1
DA:22,1
DA:25,0
DA:26,0
DA:27,0
DA:29,0
DA:30,0
DA:32,0
DA:43,0
LF:10
LH:3
BRDA:21,0,0,1
BRDA:21,0,1,0
BRDA:26,1,0,0
BRDA:26,1,1,0
BRDA:37,2,0,0
BRDA:37,2,1,0
BRDA:38,3,0,0
BRDA:38,3,1,0
BRDA:39,4,0,0
BRDA:39,4,1,0
BRDA:40,5,0,0
BRDA:40,5,1,0
BRF:12
BRH:1
end_of_record
TN:
SF:src\utils\education.utils.js
FN:1,getFallbackResponse
FN:15,getFallbackQuiz
FN:27,getFallbackFlashcards
FN:42,validateChatMessage
FN:50,redactMessageForTelemetry
FN:55,generateSessionId
FN:59,SYSTEM_PROMPT
FN:84,QUIZ_PROMPT
FN:96,FLASHCARD_PROMPT
FNF:9
FNH:2
FNDA:0,getFallbackResponse
FNDA:0,getFallbackQuiz
FNDA:0,getFallbackFlashcards
FNDA:0,validateChatMessage
FNDA:0,redactMessageForTelemetry
FNDA:0,generateSessionId
FNDA:0,SYSTEM_PROMPT
FNDA:1,QUIZ_PROMPT
FNDA:1,FLASHCARD_PROMPT
DA:2,0
DA:3,0
DA:4,0
DA:5,0
DA:6,0
DA:7,0
DA:8,0
DA:9,0
DA:10,0
DA:11,0
DA:12,0
DA:16,0
DA:28,0
DA:43,0
DA:44,0
DA:45,0
DA:46,0
DA:47,0
DA:51,0
DA:52,0
DA:56,0
DA:60,0
DA:85,1
DA:97,1
LF:24
LH:2
BRDA:3,0,0,0
BRDA:3,0,1,0
BRDA:3,1,0,0
BRDA:3,1,1,0
BRDA:4,2,0,0
BRDA:4,2,1,0
BRDA:4,3,0,0
BRDA:4,3,1,0
BRDA:4,3,2,0
BRDA:5,4,0,0
BRDA:5,4,1,0
BRDA:5,5,0,0
BRDA:5,5,1,0
BRDA:5,5,2,0
BRDA:6,6,0,0
BRDA:6,6,1,0
BRDA:6,7,0,0
BRDA:6,7,1,0
BRDA:7,8,0,0
BRDA:7,8,1,0
BRDA:7,9,0,0
BRDA:7,9,1,0
BRDA:7,9,2,0
BRDA:8,10,0,0
BRDA:8,10,1,0
BRDA:8,11,0,0
BRDA:8,11,1,0
BRDA:8,11,2,0
BRDA:9,12,0,0
BRDA:9,12,1,0
BRDA:9,13,0,0
BRDA:9,13,1,0
BRDA:9,13,2,0
BRDA:10,14,0,0
BRDA:10,14,1,0
BRDA:10,15,0,0
BRDA:10,15,1,0
BRDA:10,15,2,0
BRDA:11,16,0,0
BRDA:11,16,1,0
BRDA:11,17,0,0
BRDA:11,17,1,0
BRDA:11,17,2,0
BRDA:43,18,0,0
BRDA:43,18,1,0
BRDA:45,19,0,0
BRDA:45,19,1,0
BRDA:46,20,0,0
BRDA:46,20,1,0
BRDA:51,21,0,0
BRDA:51,21,1,0
BRF:51
BRH:0
end_of_record
TN:
SF:src\utils\enrichPrompt.js
FN:8,enrichPrompt
FNF:1
FNH:1
FNDA:2,enrichPrompt
DA:9,2
DA:10,2
DA:11,2
DA:13,2
DA:14,1
DA:15,1
DA:16,1
DA:17,0
DA:18,0
DA:19,1
DA:20,0
DA:21,0
DA:22,1
DA:23,0
DA:24,0
DA:27,2
LF:16
LH:10
BRDA:13,0,0,1
BRDA:13,0,1,1
BRDA:16,1,0,0
BRDA:16,1,1,1
BRDA:19,2,0,0
BRDA:19,2,1,1
BRDA:22,3,0,0
BRDA:22,3,1,1
BRDA:22,4,0,1
BRDA:22,4,1,1
BRF:10
BRH:7
end_of_record
TN:
SF:src\utils\sanitizer.js
FN:16,(anonymous_0)
FN:26,sanitize
FNF:2
FNH:2
FNDA:2,(anonymous_0)
FNDA:3,sanitize
DA:4,1
DA:7,1
DA:8,1
DA:9,0
DA:10,0
DA:12,0
DA:16,2
DA:27,3
DA:28,1
DA:30,2
LF:10
LH:7
BRDA:7,0,0,1
BRDA:7,0,1,0
BRDA:27,1,0,1
BRDA:27,1,1,2
BRF:4
BRH:3
end_of_record
